	Exporter version: 3.0.4, Blender version: 2.75 (sub 0)
========= Conversion from Blender to Babylon.js =========
	Python World class constructor completed
	WARNING: No active camera has been assigned, or is not in a currently selected Blender layer
	processing begun of mesh:  group pasted__pCone2
		processing begun of Standard material:  pasted__lambert3SG
		processing begun of Standard material:  initialShadingGroup
		processing begun of Standard material:  lambert3SG
		processing begun of multimaterial:  fey3.Multimaterial#0
		num positions      :  9087
		num normals        :  9087
		num uvs            :  18174
		num uvs2           :  0
		num colors         :  0
		num indices        :  9087
		WARNING: # of 0 area faces found:  2
========= Writing of scene file started =========
========= Writing of scene file completed =========
========= end of processing =========
elapsed time:  0 min, 0.7585 secs
