	Exporter version: 3.0.4, Blender version: 2.75 (sub 0)
========= Conversion from Blender to Babylon.js =========
	Python World class constructor completed
	WARNING: No active camera has been assigned, or is not in a currently selected Blender layer
	processing begun of mesh:  base:ground
		processing begun of Standard material:  initialShadingGroup
		processing begun of Standard material:  base:mitch0:wood0:lambert4SG
		processing begun of Standard material:  base:mitch0:wood0:lambert2SG
		processing begun of Standard material:  base:mitch0:wood0:lambert3SG
		processing begun of multimaterial:  base.Multimaterial#0
		num positions      :  32646
		num normals        :  32646
		num uvs            :  65292
		num uvs2           :  0
		num colors         :  0
		num indices        :  32646
========= Writing of scene file started =========
========= Writing of scene file completed =========
========= end of processing =========
elapsed time:  0 min, 1.1077 secs
