	Exporter version: 3.0.4, Blender version: 2.75 (sub 0)
========= Conversion from Blender to Babylon.js =========
	Python World class constructor completed
	WARNING: No active camera has been assigned, or is not in a currently selected Blender layer
	processing begun of mesh:  Trim_Text_xxx_4_1 Trim_Char_x_11_1
		processing begun of Standard material:  base:mitch0:wood0:lambert4SG
		processing begun of Standard material:  initialShadingGroup
		processing begun of Standard material:  pasted__lambert3SG
		processing begun of Standard material:  base:mitch0:wood0:lambert2SG
		processing begun of multimaterial:  suna2.Multimaterial#0
		num positions      :  6426
		num normals        :  6426
		num uvs            :  12852
		num uvs2           :  0
		num colors         :  0
		num indices        :  6426
========= Writing of scene file started =========
========= Writing of scene file completed =========
========= end of processing =========
elapsed time:  0 min, 0.1986 secs
