	Exporter version: 3.0.4, Blender version: 2.75 (sub 0)
========= Conversion from Blender to Babylon.js =========
	Python World class constructor completed
	WARNING: No active camera has been assigned, or is not in a currently selected Blender layer
	processing begun of mesh:  polySurface2 polySurface38
		processing begun of Standard material:  lambert2SG
		processing begun of Standard material:  initialShadingGroup
		processing begun of Standard material:  lambert3SG
		processing begun of Standard material:  lambert4SG
		processing begun of multimaterial:  sage0.Multimaterial#0
		num positions      :  4905
		num normals        :  4905
		num uvs            :  9810
		num uvs2           :  0
		num colors         :  0
		num indices        :  4905
========= Writing of scene file started =========
========= Writing of scene file completed =========
========= end of processing =========
elapsed time:  0 min, 0.3014 secs
